<?xml version="1.0" encoding="UTF-8"?>
<!-- Generated by org.testng.reporters.JUnitReportReporter -->
<testsuite hostname="LAPTOP-PP5C3VD3" failures="0" tests="1" name="amazon.automation.searchOnAmazon" time="0.343" errors="0" timestamp="2023-02-18T06:07:41 IST" skipped="0">
  <testcase classname="amazon.automation.searchOnAmazon" name="searchItem" time="0.343"/>
  <system-out/>
</testsuite> <!-- amazon.automation.searchOnAmazon -->
